[2026-06-02T11:01:10.429Z] [INFO] Outgoing API Request: GET https://api.test.com/api/v1/student/class-option {"headers":{"Content-Type":"application/json","Authorization":"*****"}}
[2026-06-02T11:01:10.430Z] [ERROR] Outgoing API Response Error: GET https://api.test.com/api/v1/student/class-option - Status: 403 - Duration: 2ms
[2026-06-02T11:01:10.432Z] [INFO] Outgoing API Request: GET https://api.test.com/api/v1/student/class-option {"headers":{"Content-Type":"application/json","Authorization":"*****"}}
[2026-06-02T11:01:10.437Z] [INFO] Outgoing API Request: GET https://api.test.com/api/v1/student/class-option {"headers":{"Content-Type":"application/json","Authorization":"*****"}}
[2026-06-02T11:01:10.437Z] [INFO] Outgoing API Response Success: GET https://api.test.com/api/v1/student/class-option - Status: 200 - Duration: 0ms
[2026-06-02T11:01:10.440Z] [INFO] Outgoing API Request: GET https://api.test.com/api/v1/student/class-option {"headers":{"Content-Type":"application/json","Authorization":"*****"}}
[2026-06-02T11:01:10.449Z] [ERROR] Outgoing API Response Exception: GET https://api.test.com/api/v1/student/class-option - Error: Network error - Duration: 2ms {"stack":"Error: Network error\n    at C:/Users/HP/projects/umis-frontend/app/actions/registration.test.ts:136:33\n    at file:///C:/Users/HP/projects/umis-frontend/node_modules/@vitest/runner/dist/chunk-artifact.js:302:11\n    at file:///C:/Users/HP/projects/umis-frontend/node_modules/@vitest/runner/dist/chunk-artifact.js:1903:26\n    at file:///C:/Users/HP/projects/umis-frontend/node_modules/@vitest/runner/dist/chunk-artifact.js:2326:20\n    at new Promise (<anonymous>)\n    at runWithCancel (file:///C:/Users/HP/projects/umis-frontend/node_modules/@vitest/runner/dist/chunk-artifact.js:2323:10)\n    at file:///C:/Users/HP/projects/umis-frontend/node_modules/@vitest/runner/dist/chunk-artifact.js:2305:20\n    at new Promise (<anonymous>)\n    at runWithTimeout (file:///C:/Users/HP/projects/umis-frontend/node_modules/@vitest/runner/dist/chunk-artifact.js:2272:10)\n    at file:///C:/Users/HP/projects/umis-frontend/node_modules/@vitest/runner/dist/chunk-artifact.js:2955:64"}
[2026-06-02T11:01:10.433Z] [INFO] Outgoing API Response Success: GET https://api.test.com/api/v1/student/class-option - Status: 200 - Duration: 0ms
[2026-06-02T11:01:10.452Z] [INFO] Outgoing API Response Success: GET https://api.test.com/api/v1/student/class-option - Status: 200 - Duration: 1ms
[2026-06-02T11:01:10.452Z] [INFO] Outgoing API Request: GET https://api.test.com/api/v1/student/class-option {"headers":{"Content-Type":"application/json","Authorization":"*****"}}
[2026-06-02T11:05:57.493Z] [INFO] Incoming API Request: GET /api/notifications/stream
[2026-06-02T11:05:57.508Z] [INFO] Incoming API Response Success: GET /api/notifications/stream - Status: 200 - Duration: 16ms
[2026-06-02T11:07:39.505Z] [INFO] Outgoing API Request: POST https://umis-sb.babcock.edu.ng/api/auth/login {"headers":{"Content-Type":"application/json"},"body":"{\"user_name\":\"23/0039\",\"password\":\"baraza\"}"}
[2026-06-02T11:07:40.349Z] [INFO] Outgoing API Response Success: POST https://umis-sb.babcock.edu.ng/api/auth/login - Status: 200 - Duration: 854ms
[2026-06-02T11:15:23.492Z] [INFO] Outgoing API Request: GET https://api.test.com/api/v1/student/class-option {"headers":{"Content-Type":"application/json","Authorization":"*****"}}
[2026-06-02T11:15:23.495Z] [INFO] Outgoing API Response Success: GET https://api.test.com/api/v1/student/class-option - Status: 200 - Duration: 1ms
[2026-06-02T11:15:23.499Z] [INFO] Outgoing API Request: GET https://api.test.com/api/v1/student/class-option {"headers":{"Content-Type":"application/json","Authorization":"*****"}}
[2026-06-02T11:15:23.499Z] [INFO] Outgoing API Response Success: GET https://api.test.com/api/v1/student/class-option - Status: 200 - Duration: 1ms
[2026-06-02T11:15:23.502Z] [INFO] Outgoing API Request: GET https://api.test.com/api/v1/student/class-option {"headers":{"Content-Type":"application/json","Authorization":"*****"}}
[2026-06-02T11:15:23.508Z] [ERROR] Outgoing API Response Exception: GET https://api.test.com/api/v1/student/class-option - Error: Network error - Duration: 2ms {"stack":"Error: Network error\n    at C:/Users/HP/projects/umis-frontend/app/actions/registration.test.ts:136:33\n    at file:///C:/Users/HP/projects/umis-frontend/node_modules/@vitest/runner/dist/chunk-artifact.js:302:11\n    at file:///C:/Users/HP/projects/umis-frontend/node_modules/@vitest/runner/dist/chunk-artifact.js:1903:26\n    at file:///C:/Users/HP/projects/umis-frontend/node_modules/@vitest/runner/dist/chunk-artifact.js:2326:20\n    at new Promise (<anonymous>)\n    at runWithCancel (file:///C:/Users/HP/projects/umis-frontend/node_modules/@vitest/runner/dist/chunk-artifact.js:2323:10)\n    at file:///C:/Users/HP/projects/umis-frontend/node_modules/@vitest/runner/dist/chunk-artifact.js:2305:20\n    at new Promise (<anonymous>)\n    at runWithTimeout (file:///C:/Users/HP/projects/umis-frontend/node_modules/@vitest/runner/dist/chunk-artifact.js:2272:10)\n    at file:///C:/Users/HP/projects/umis-frontend/node_modules/@vitest/runner/dist/chunk-artifact.js:2955:64"}
[2026-06-02T11:15:23.495Z] [INFO] Outgoing API Request: GET https://api.test.com/api/v1/student/class-option {"headers":{"Content-Type":"application/json","Authorization":"*****"}}
[2026-06-02T11:15:23.511Z] [INFO] Outgoing API Request: GET https://api.test.com/api/v1/student/class-option {"headers":{"Content-Type":"application/json","Authorization":"*****"}}
[2026-06-02T11:15:23.511Z] [INFO] Outgoing API Response Success: GET https://api.test.com/api/v1/student/class-option - Status: 200 - Duration: 0ms
[2026-06-02T11:15:23.493Z] [ERROR] Outgoing API Response Error: GET https://api.test.com/api/v1/student/class-option - Status: 403 - Duration: 2ms
[2026-06-02T11:17:56.616Z] [INFO] Outgoing API Request: POST https://umis-sb.babcock.edu.ng/api/auth/login {"headers":{"Content-Type":"application/json"},"body":"{\"user_name\":\"23/0039\",\"password\":\"*****\"}"}
[2026-06-02T11:17:57.274Z] [INFO] Outgoing API Response Success: POST https://umis-sb.babcock.edu.ng/api/auth/login - Status: 200 - Duration: 689ms
[2026-06-02T13:52:15.996Z] [INFO] Incoming API Request: GET /api/notifications/stream
[2026-06-02T13:52:16.002Z] [INFO] Incoming API Response Success: GET /api/notifications/stream - Status: 200 - Duration: 7ms
[2026-06-02T14:35:08.640Z] [INFO] Incoming API Request: GET /api/notifications/stream
[2026-06-02T14:35:08.648Z] [INFO] Incoming API Response Success: GET /api/notifications/stream - Status: 200 - Duration: 9ms
